Arguments: 
  C:\Program Files\nodejs\node.exe C:\Program Files (x86)\Yarn\bin\yarn.js start

PATH: 
  C:\Program Files\Google\Chrome\Application;C:\Program Files\NVIDIA GPU Computing Toolkit\CUDA\v12.1\bin;C:\Program Files\NVIDIA GPU Computing Toolkit\CUDA\v12.1\libnvvp;;C:\Program Files (x86)\Common Files\Oracle\Java\javapath;C:\Windows\system32;C:\Windows;C:\Windows\System32\Wbem;C:\Windows\System32\WindowsPowerShell\v1.0\;C:\Windows\System32\OpenSSH\;C:\Program Files\Git\cmd;C:\Program Files (x86)\Yarn\bin\;C:\Program Files (x86)\NVIDIA Corporation\PhysX\Common;C:\Program Files\NVIDIA Corporation\NVIDIA NvDLISR;C:\Program Files\Docker\Docker\resources\bin;C:\Program Files\nodejs\;C:\Users\bruno\AppData\Local\Programs\Python\Python37\Scripts\;C:\Users\bruno\AppData\Local\Programs\Python\Python37\;C:\Users\bruno\AppData\Local\Programs\Python\Python311\Scripts\;C:\Users\bruno\AppData\Local\Programs\Python\Python311\;C:\Users\bruno\AppData\Local\Microsoft\WindowsApps;C:\Users\bruno\AppData\Local\Programs\Microsoft VS Code\bin;C:\Users\bruno\AppData\Local\GitHubDesktop\bin;C:\Users\bruno\AppData\Local\Yarn\bin;C:\ghcup\bin;C:\Program Files\JetBrains\PyCharm 2022.3.2\bin;C:\Users\bruno\AppData\Roaming\npm

Yarn version: 
  1.21.1

Node version: 
  18.16.1

Platform: 
  win32 x64

Trace: 
  SyntaxError: D:\Documents\GitHub\imText\package.json: Unexpected token } in JSON at position 361
      at JSON.parse (<anonymous>)
      at C:\Program Files (x86)\Yarn\lib\cli.js:1625:59
      at Generator.next (<anonymous>)
      at step (C:\Program Files (x86)\Yarn\lib\cli.js:310:30)
      at C:\Program Files (x86)\Yarn\lib\cli.js:321:13

npm manifest: 
  {
    "name": "imtext",
    "version": "0.1.0",
    "private": true,
    "dependencies": {
      "@testing-library/jest-dom": "^5.14.1",
      "@testing-library/react": "^12.0.0",
      "@testing-library/user-event": "^13.2.1",
      "react": "^17.0.2",
      "react-dom": "^17.0.2",
      "react-scripts": "5.0.0",
      "tesseract.js": "^2.1.5",
      "web-vitals": "^2.1.0",
      
    },
    "scripts": {
      "start:dev": "tsx watch src/server.ts",
      "start": "node build/server.js",
      "build": "tsup src --out-dir build",
      // "test": "echo \"Error: no test specified\" && exit 1",
      "typeorm": "ts-node-dev ./node_modules/typeorm/cli.js"
    },
    "eslintConfig": {
      "extends": [
        "react-app",
        "react-app/jest",
        "plugin:@typescript-eslint/recommended"
      ]
    },
    "browserslist": {
      "production": [
        ">0.2%",
        "not dead",
        "not op_mini all"
      ],
      "development": [
        "last 1 chrome version",
        "last 1 firefox version",
        "last 1 safari version"
      ]
    },
    "devDependencies": {   
      "@types/node": "^20.4.2",
      "tsup": "^7.1.0",
      "tsx": "^3.12.7",
      "typescript": "^5.1.6"
    }
  }

yarn manifest: 
  No manifest

Lockfile: 
  No lockfile
